#
# There is insufficient memory for the Java Runtime Environment to continue.
# Native memory allocation (malloc) failed to allocate 99296 bytes for Chunk::new
# Possible reasons:
#   The system is out of physical RAM or swap space
#   In 32 bit mode, the process size limit was hit
# Possible solutions:
#   Reduce memory load on the system
#   Increase physical memory or swap space
#   Check if swap backing store is full
#   Use 64 bit Java on a 64 bit OS
#   Decrease Java heap size (-Xmx/-Xms)
#   Decrease number of Java threads
#   Decrease Java thread stack sizes (-Xss)
#   Set larger code cache with -XX:ReservedCodeCacheSize=
# This output file may be truncated or incomplete.
#
#  Out of Memory Error (allocation.cpp:390), pid=2064, tid=0x0000000000001d7c
#
# JRE version: OpenJDK Runtime Environment (8.0_76-b03) (build 1.8.0_76-release-b03)
# Java VM: OpenJDK 64-Bit Server VM (25.76-b03 mixed mode windows-amd64 compressed oops)
# Failed to write core dump. Minidumps are not enabled by default on client versions of Windows
#

---------------  T H R E A D  ---------------

Current thread (0x000000005572e000):  JavaThread "C2 CompilerThread2" daemon [_thread_in_native, id=7548, stack(0x00000000581c0000,0x00000000582c0000)]

Stack: [0x00000000581c0000,0x00000000582c0000]
[error occurred during error reporting (printing stack bounds), id 0xc0000005]

Native frames: (J=compiled Java code, j=interpreted, Vv=VM code, C=native code)


Current CompileTask:
C2:3686877 18314       4       org.gradle.internal.logging.text.AbstractLineChoppingStyledTextOutput::doAppend (201 bytes)


---------------  P R O C E S S  ---------------

Java Threads: ( => current thread )
  0x000000005e171000 JavaThread "Forward streams with process: command 'C:\Program Files\Android\Android Studio\jre\bin\java.exe' Thread 3" [_thread_in_native, id=8488, stack(0x000000006dc30000,0x000000006dd30000)]
  0x000000005c7c7800 JavaThread "Forward streams with process: command 'C:\Program Files\Android\Android Studio\jre\bin\java.exe' Thread 2" [_thread_in_native, id=13712, stack(0x0000000066170000,0x0000000066270000)]
  0x000000005e16e000 JavaThread "Forward streams with process: command 'C:\Program Files\Android\Android Studio\jre\bin\java.exe'" [_thread_blocked, id=10880, stack(0x000000006e250000,0x000000006e350000)]
  0x000000005e171800 JavaThread "Forward streams with process: command 'C:\Program Files\Android\Android Studio\jre\bin\java.exe' Thread 3" [_thread_blocked, id=8176, stack(0x000000006e0b0000,0x000000006e1b0000)]
  0x000000005c7c8800 JavaThread "Forward streams with process: command 'C:\Program Files\Android\Android Studio\jre\bin\java.exe' Thread 2" [_thread_blocked, id=8788, stack(0x000000006df50000,0x000000006e050000)]
  0x000000005c7c6000 JavaThread "Forward streams with process: command 'C:\Program Files\Android\Android Studio\jre\bin\java.exe'" [_thread_blocked, id=13668, stack(0x000000006ddc0000,0x000000006dec0000)]
  0x000000005cb27800 JavaThread "Run command 'C:\Program Files\Android\Android Studio\jre\bin\java.exe'" [_thread_in_native, id=9884, stack(0x000000005a870000,0x000000005a970000)]
  0x000000005cb26000 JavaThread "Run command 'C:\Program Files\Android\Android Studio\jre\bin\java.exe'" [_thread_in_native, id=8868, stack(0x000000006d640000,0x000000006d740000)]
  0x000000005c7c7000 JavaThread "Forward streams with process: command 'C:\Program Files\Android\Android Studio\jre\bin\java.exe' Thread 3" [_thread_in_native, id=6016, stack(0x000000006d460000,0x000000006d560000)]
  0x000000005e172800 JavaThread "Forward streams with process: command 'C:\Program Files\Android\Android Studio\jre\bin\java.exe' Thread 2" [_thread_in_native, id=8668, stack(0x000000006e580000,0x000000006e680000)]
  0x000000005e173000 JavaThread "Forward streams with process: command 'C:\Program Files\Android\Android Studio\jre\bin\java.exe'" [_thread_blocked, id=8628, stack(0x000000006db10000,0x000000006dc10000)]
  0x000000005cb2a000 JavaThread "Run command 'C:\Program Files\Android\Android Studio\jre\bin\java.exe'" [_thread_in_native, id=352, stack(0x000000006d980000,0x000000006da80000)]
  0x000000005e170000 JavaThread "Forward streams with process: command 'C:\Program Files\Android\Android Studio\jre\bin\java.exe' Thread 3" [_thread_in_native, id=12760, stack(0x000000006d750000,0x000000006d850000)]
  0x000000005e16f800 JavaThread "Forward streams with process: command 'C:\Program Files\Android\Android Studio\jre\bin\java.exe' Thread 2" [_thread_in_native, id=15412, stack(0x000000006e480000,0x000000006e580000)]
  0x000000005e16e800 JavaThread "Forward streams with process: command 'C:\Program Files\Android\Android Studio\jre\bin\java.exe'" [_thread_blocked, id=13972, stack(0x000000006e360000,0x000000006e460000)]
  0x000000005cb25800 JavaThread "Run command 'C:\Program Files\Android\Android Studio\jre\bin\java.exe'" [_thread_in_native, id=8052, stack(0x000000006bbc0000,0x000000006bcc0000)]
  0x000000005cb29000 JavaThread "pool-30-thread-8" [_thread_blocked, id=14048, stack(0x000000006c0e0000,0x000000006c1e0000)]
  0x000000005cb2a800 JavaThread "pool-30-thread-7" [_thread_blocked, id=13204, stack(0x0000000065100000,0x0000000065200000)]
  0x000000005cb27000 JavaThread "pool-30-thread-6" [_thread_blocked, id=8548, stack(0x00000000663b0000,0x00000000664b0000)]
  0x000000005cb28800 JavaThread "pool-30-thread-5" [_thread_blocked, id=6972, stack(0x0000000066280000,0x0000000066380000)]
  0x0000000059fe6800 JavaThread "pool-30-thread-4" [_thread_blocked, id=6500, stack(0x00000000654c0000,0x00000000655c0000)]
  0x0000000059fe3000 JavaThread "pool-30-thread-3" [_thread_blocked, id=12956, stack(0x0000000066020000,0x0000000066120000)]
  0x0000000059fdb800 JavaThread "pool-30-thread-2" [_thread_blocked, id=6312, stack(0x0000000065210000,0x0000000065310000)]
  0x0000000059fe1000 JavaThread "pool-30-thread-1" [_thread_blocked, id=15092, stack(0x0000000065000000,0x0000000065100000)]
  0x0000000059fe0000 JavaThread "Stdin handler" [_thread_blocked, id=7880, stack(0x0000000064a20000,0x0000000064b20000)]
  0x0000000059fe5000 JavaThread "Asynchronous log dispatcher for org.gradle.launcher.daemon.server.DefaultDaemonConnection@6457e71b" [_thread_blocked, id=7480, stack(0x000000005aa80000,0x000000005ab80000)]
  0x0000000059fdc800 JavaThread "Daemon worker Thread 12" [_thread_in_native, id=12096, stack(0x0000000059070000,0x0000000059170000)]
  0x0000000059fda000 JavaThread "Cancel handler" [_thread_blocked, id=10508, stack(0x000000005ad80000,0x000000005ae80000)]
  0x0000000059fdb000 JavaThread "Handler for socket connection from /127.0.0.1:50421 to /127.0.0.1:61191" [_thread_in_native, id=15312, stack(0x000000005a980000,0x000000005aa80000)]
  0x0000000059fd8800 JavaThread "Daemon Thread 12" [_thread_blocked, id=9244, stack(0x0000000058e70000,0x0000000058f70000)]
  0x000000005cb24800 JavaThread "stdout" daemon [_thread_in_native, id=7200, stack(0x000000006bfe0000,0x000000006c0e0000)]
  0x000000005cb24000 JavaThread "stderr" daemon [_thread_in_native, id=13164, stack(0x0000000069de0000,0x0000000069ee0000)]
  0x000000005f721000 JavaThread "stdout" daemon [_thread_in_native, id=15720, stack(0x000000006bee0000,0x000000006bfe0000)]
  0x000000005f720800 JavaThread "stderr" daemon [_thread_in_native, id=14024, stack(0x000000006bce0000,0x000000006bde0000)]
  0x000000005f71f800 JavaThread "stdout" daemon [_thread_in_native, id=10652, stack(0x000000006ba40000,0x000000006bb40000)]
  0x000000005f71e800 JavaThread "stderr" daemon [_thread_in_native, id=14160, stack(0x000000006b880000,0x000000006b980000)]
  0x000000005f71e000 JavaThread "stdout" daemon [_thread_in_native, id=16184, stack(0x000000006b680000,0x000000006b780000)]
  0x000000005f71d000 JavaThread "stderr" daemon [_thread_in_native, id=14944, stack(0x000000006b3d0000,0x000000006b4d0000)]
  0x000000005f71c800 JavaThread "stdout" daemon [_thread_in_native, id=14260, stack(0x000000006b4f0000,0x000000006b5f0000)]
  0x000000005f71b800 JavaThread "stderr" daemon [_thread_in_native, id=12896, stack(0x000000006af80000,0x000000006b080000)]
  0x000000005f71b000 JavaThread "stdout" daemon [_thread_in_native, id=7772, stack(0x000000006b270000,0x000000006b370000)]
  0x000000005f71a000 JavaThread "stderr" daemon [_thread_in_native, id=14288, stack(0x000000006b090000,0x000000006b190000)]
  0x000000005f76a800 JavaThread "stdout" daemon [_thread_in_native, id=12908, stack(0x000000006aa20000,0x000000006ab20000)]
  0x000000005f76a000 JavaThread "stderr" daemon [_thread_in_native, id=10020, stack(0x000000006ae10000,0x000000006af10000)]
  0x000000005f769000 JavaThread "stdout" daemon [_thread_in_native, id=7224, stack(0x000000006ad00000,0x000000006ae00000)]
  0x000000005f768800 JavaThread "stderr" daemon [_thread_in_native, id=11468, stack(0x000000006ab70000,0x000000006ac70000)]
  0x000000005f767800 JavaThread "stdout" daemon [_thread_in_native, id=11640, stack(0x000000006a920000,0x000000006aa20000)]
  0x000000005f767000 JavaThread "stderr" daemon [_thread_in_native, id=10172, stack(0x0000000069ee0000,0x0000000069fe0000)]
  0x000000005f766000 JavaThread "stdout" daemon [_thread_in_native, id=5476, stack(0x000000006a730000,0x000000006a830000)]
  0x000000005f765800 JavaThread "stderr" daemon [_thread_in_native, id=10824, stack(0x000000006a5f0000,0x000000006a6f0000)]
  0x000000005f764800 JavaThread "stdout" daemon [_thread_in_native, id=10684, stack(0x000000006a4e0000,0x000000006a5e0000)]
  0x000000005f764000 JavaThread "stderr" daemon [_thread_in_native, id=14156, stack(0x000000006a3b0000,0x000000006a4b0000)]
  0x0000000062cb1800 JavaThread "stdout" daemon [_thread_in_native, id=16376, stack(0x000000006a070000,0x000000006a170000)]
  0x0000000062cb0800 JavaThread "stderr" daemon [_thread_in_native, id=9104, stack(0x0000000069230000,0x0000000069330000)]
  0x0000000062cb0000 JavaThread "stdout" daemon [_thread_in_native, id=9316, stack(0x00000000695e0000,0x00000000696e0000)]
  0x0000000062caf000 JavaThread "stderr" daemon [_thread_in_native, id=5488, stack(0x0000000069cd0000,0x0000000069dd0000)]
  0x0000000062cae800 JavaThread "stdout" daemon [_thread_in_native, id=9432, stack(0x0000000069b10000,0x0000000069c10000)]
  0x0000000062cad800 JavaThread "stderr" daemon [_thread_in_native, id=12384, stack(0x0000000069920000,0x0000000069a20000)]
  0x0000000062cad000 JavaThread "stdout" daemon [_thread_in_native, id=12308, stack(0x00000000697a0000,0x00000000698a0000)]
  0x0000000062cac000 JavaThread "stderr" daemon [_thread_in_native, id=16032, stack(0x0000000068ff0000,0x00000000690f0000)]
  0x0000000062cab800 JavaThread "stdout" daemon [_thread_in_native, id=16256, stack(0x00000000694e0000,0x00000000695e0000)]
  0x0000000060cb2800 JavaThread "stderr" daemon [_thread_in_native, id=8716, stack(0x0000000069330000,0x0000000069430000)]
  0x0000000060cb1800 JavaThread "stdout" daemon [_thread_in_native, id=3544, stack(0x0000000069120000,0x0000000069220000)]
  0x0000000060cb1000 JavaThread "stderr" daemon [_thread_in_native, id=9668, stack(0x0000000068d60000,0x0000000068e60000)]
  0x0000000060cb0000 JavaThread "stdout" daemon [_thread_in_native, id=8424, stack(0x0000000068e60000,0x0000000068f60000)]
  0x0000000060caf800 JavaThread "stderr" daemon [_thread_in_native, id=7964, stack(0x0000000068be0000,0x0000000068ce0000)]
  0x0000000059a00000 JavaThread "stdout" daemon [_thread_in_native, id=13724, stack(0x0000000068830000,0x0000000068930000)]
  0x00000000599ff800 JavaThread "stderr" daemon [_thread_in_native, id=12784, stack(0x0000000068ad0000,0x0000000068bd0000)]
  0x00000000599fe800 JavaThread "stdout" daemon [_thread_in_native, id=10628, stack(0x0000000068980000,0x0000000068a80000)]
  0x00000000599fe000 JavaThread "stderr" daemon [_thread_in_native, id=7684, stack(0x0000000068450000,0x0000000068550000)]
  0x00000000599fd000 JavaThread "stdout" daemon [_thread_in_native, id=3788, stack(0x00000000686e0000,0x00000000687e0000)]
  0x00000000599fc800 JavaThread "stderr" daemon [_thread_in_native, id=9028, stack(0x00000000685d0000,0x00000000686d0000)]
  0x00000000599fb800 JavaThread "stdout" daemon [_thread_in_native, id=2228, stack(0x0000000068330000,0x0000000068430000)]
  0x00000000599fb000 JavaThread "stderr" daemon [_thread_in_native, id=14060, stack(0x0000000068190000,0x0000000068290000)]
  0x00000000599fa000 JavaThread "stdout" daemon [_thread_in_native, id=12108, stack(0x0000000068090000,0x0000000068190000)]
  0x00000000599f9800 JavaThread "stderr" daemon [_thread_in_native, id=15788, stack(0x0000000067f30000,0x0000000068030000)]
  0x000000005c2ae000 JavaThread "stdout" daemon [_thread_in_native, id=11584, stack(0x0000000067900000,0x0000000067a00000)]
  0x000000005c2ad000 JavaThread "stderr" daemon [_thread_in_native, id=11548, stack(0x0000000067cc0000,0x0000000067dc0000)]
  0x000000005c2ac800 JavaThread "png-cruncher_24" daemon [_thread_blocked, id=3172, stack(0x0000000067b30000,0x0000000067c30000)]
  0x000000005c2ab800 JavaThread "png-cruncher_23" daemon [_thread_blocked, id=10428, stack(0x0000000067a00000,0x0000000067b00000)]
  0x000000005c2ab000 JavaThread "png-cruncher_22" daemon [_thread_blocked, id=260, stack(0x0000000067740000,0x0000000067840000)]
  0x000000005c2aa000 JavaThread "png-cruncher_21" daemon [_thread_blocked, id=12880, stack(0x0000000066c80000,0x0000000066d80000)]
  0x000000005c2a9800 JavaThread "png-cruncher_20" daemon [_thread_blocked, id=14876, stack(0x00000000675c0000,0x00000000676c0000)]
  0x000000005c2a8800 JavaThread "png-cruncher_19" daemon [_thread_blocked, id=15936, stack(0x00000000666d0000,0x00000000667d0000)]
  0x000000005c2a8000 JavaThread "png-cruncher_18" daemon [_thread_blocked, id=15276, stack(0x0000000067490000,0x0000000067590000)]
  0x000000005c2a7000 JavaThread "png-cruncher_17" daemon [_thread_blocked, id=7748, stack(0x0000000067230000,0x0000000067330000)]
  0x000000005db3b000 JavaThread "png-cruncher_16" daemon [_thread_blocked, id=8156, stack(0x0000000066ec0000,0x0000000066fc0000)]
  0x000000005db3a000 JavaThread "png-cruncher_15" daemon [_thread_blocked, id=8736, stack(0x000000005ac00000,0x000000005ad00000)]
  0x000000005db39800 JavaThread "png-cruncher_14" daemon [_thread_blocked, id=8012, stack(0x0000000067330000,0x0000000067430000)]
  0x000000005db38800 JavaThread "png-cruncher_13" daemon [_thread_blocked, id=1600, stack(0x0000000067130000,0x0000000067230000)]
  0x000000005db38000 JavaThread "png-cruncher_12" daemon [_thread_blocked, id=9636, stack(0x0000000066fd0000,0x00000000670d0000)]
  0x000000005db37000 JavaThread "png-cruncher_11" daemon [_thread_blocked, id=13824, stack(0x0000000066d80000,0x0000000066e80000)]
  0x000000005db36800 JavaThread "png-cruncher_10" daemon [_thread_blocked, id=15248, stack(0x00000000669f0000,0x0000000066af0000)]
  0x000000005db35800 JavaThread "png-cruncher_9" daemon [_thread_blocked, id=11456, stack(0x0000000066b70000,0x0000000066c70000)]
  0x000000005db35000 JavaThread "png-cruncher_8" daemon [_thread_blocked, id=6640, stack(0x00000000668e0000,0x00000000669e0000)]
  0x000000005db34000 JavaThread "png-cruncher_7" daemon [_thread_blocked, id=10720, stack(0x00000000667d0000,0x00000000668d0000)]
  0x000000005c7cd000 JavaThread "png-cruncher_6" daemon [_thread_blocked, id=6928, stack(0x00000000665b0000,0x00000000666b0000)]
  0x000000005c7cc000 JavaThread "png-cruncher_5" daemon [_thread_blocked, id=14948, stack(0x0000000064e80000,0x0000000064f80000)]
  0x000000005c7cb800 JavaThread "png-cruncher_4" daemon [_thread_blocked, id=7976, stack(0x0000000065e90000,0x0000000065f90000)]
  0x000000005c7ca800 JavaThread "png-cruncher_3" daemon [_thread_blocked, id=2528, stack(0x00000000664b0000,0x00000000665b0000)]
  0x000000005c7ca000 JavaThread "png-cruncher_2" daemon [_thread_blocked, id=12328, stack(0x000000005ea10000,0x000000005eb10000)]
  0x000000005c7c9000 JavaThread "png-cruncher_1" daemon [_thread_blocked, id=12544, stack(0x0000000064d80000,0x0000000064e80000)]
  0x0000000059fe2800 JavaThread "pool-4-thread-4" [_thread_blocked, id=13372, stack(0x0000000063d10000,0x0000000063e10000)]
  0x0000000059fdd000 JavaThread "pool-4-thread-3" [_thread_in_native, id=11204, stack(0x00000000642e0000,0x00000000643e0000)]
  0x0000000059fdf800 JavaThread "pool-4-thread-2" [_thread_blocked, id=6180, stack(0x0000000062760000,0x0000000062860000)]
  0x0000000059fd9800 JavaThread "pool-4-thread-1" [_thread_blocked, id=12712, stack(0x000000005e6a0000,0x000000005e7a0000)]
  0x000000005f6d1800 JavaThread "File lock request listener" [_thread_in_native, id=11164, stack(0x0000000058460000,0x0000000058560000)]
  0x00000000597e5800 JavaThread "pool-1-thread-1" [_thread_blocked, id=14512, stack(0x000000005a760000,0x000000005a860000)]
  0x00000000597db800 JavaThread "Incoming local TCP Connector on port 50421" [_thread_in_native, id=12728, stack(0x000000005a450000,0x000000005a550000)]
  0x000000005675a800 JavaThread "Service Thread" daemon [_thread_blocked, id=7664, stack(0x0000000057cc0000,0x0000000057dc0000)]
  0x000000005572f000 JavaThread "C1 CompilerThread3" daemon [_thread_blocked, id=8212, stack(0x0000000058350000,0x0000000058450000)]
=>0x000000005572e000 JavaThread "C2 CompilerThread2" daemon [_thread_in_native, id=7548, stack(0x00000000581c0000,0x00000000582c0000)]
  0x00000000566c5800 JavaThread "C2 CompilerThread1" daemon [_thread_blocked, id=14564, stack(0x0000000057fe0000,0x00000000580e0000)]
  0x00000000566c1000 JavaThread "C2 CompilerThread0" daemon [_thread_blocked, id=6248, stack(0x0000000057e60000,0x0000000057f60000)]
  0x00000000566c0000 JavaThread "Attach Listener" daemon [_thread_blocked, id=10468, stack(0x00000000577e0000,0x00000000578e0000)]
  0x00000000566bf000 JavaThread "Signal Dispatcher" daemon [_thread_blocked, id=14700, stack(0x0000000057b80000,0x0000000057c80000)]
  0x000000005571e800 JavaThread "Finalizer" daemon [_thread_blocked, id=12132, stack(0x0000000057a20000,0x0000000057b20000)]
  0x0000000055717800 JavaThread "Reference Handler" daemon [_thread_blocked, id=14644, stack(0x0000000057920000,0x0000000057a20000)]
  0x000000000230f000 JavaThread "main" [_thread_blocked, id=14364, stack(0x0000000002510000,0x0000000002610000)]

Other Threads:
  0x000000005570e800 VMThread [stack: 0x00000000576b0000,0x00000000577b0000] [id=4944]
  0x0000000056739000 WatcherThread [stack: 0x0000000058560000,0x0000000058660000] [id=9940]

VM state:not at safepoint (normal execution)

VM Mutex/Monitor currently owned by a thread: None

Heap:
 PSYoungGen      total 284160K, used 280577K [0x00000000eab00000, 0x00000000fdd00000, 0x0000000100000000)
  eden space 274432K, 98% used [0x00000000eab00000,0x00000000fb3987c8,0x00000000fb700000)
  from space 9728K, 99% used [0x00000000fc180000,0x00000000fcae8020,0x00000000fcb00000)
  to   space 18432K, 0% used [0x00000000fcb00000,0x00000000fcb00000,0x00000000fdd00000)
 ParOldGen       total 143872K, used 35349K [0x00000000c0000000, 0x00000000c8c80000, 0x00000000eab00000)
  object space 143872K, 24% used [0x00000000c0000000,0x00000000c22855f8,0x00000000c8c80000)
 Metaspace       used 71566K, capacity 76602K, committed 76840K, reserved 1116160K
  class space    used 8986K, capacity 9656K, committed 9776K, reserved 1048576K

Card table byte_map: [0x0000000011ca0000,0x0000000011eb0000] byte_map_base: 0x00000000116a0000

Marking Bits: (ParMarkBitMap*) 0x0000000065df9d00
 Begin Bits: [0x0000000012b30000, 0x0000000013b30000)
 End Bits:   [0x0000000013b30000, 0x0000000014b30000)

Polling page: 0x0000000000160000

CodeCache: size=245760Kb used=53100Kb max_used=53200Kb free=192660Kb
 bounds [0x00000000028e0000, 0x0000000005d20000, 0x00000000118e0000]
 total_blobs=15305 nmethods=14563 adapters=653
 compilation: enabled

Compilation events (10 events):
Event: 3685.775 Thread 0x000000005572f000 nmethod 18309 0x00000000038702d0 code [0x0000000003870420, 0x00000000038705d0]
Event: 3685.776 Thread 0x000000005572f000 18310       1       java.lang.Throwable::getMessage (5 bytes)
Event: 3685.776 Thread 0x000000005572f000 nmethod 18310 0x000000000381f810 code [0x000000000381f960, 0x000000000381fa70]
Event: 3685.879 Thread 0x000000005572f000 18311       1       java.lang.StackTraceElement::getLineNumber (5 bytes)
Event: 3685.879 Thread 0x000000005572f000 nmethod 18311 0x00000000038a0350 code [0x00000000038a04a0, 0x00000000038a05b0]
Event: 3685.881 Thread 0x000000005572f000 18312       1       java.lang.StackTraceElement::getFileName (5 bytes)
Event: 3685.881 Thread 0x000000005572f000 nmethod 18312 0x00000000037fc110 code [0x00000000037fc260, 0x00000000037fc370]
Event: 3685.996 Thread 0x000000005572f000 18313       3       org.codehaus.groovy.runtime.StackTraceUtils::isApplicationClass (84 bytes)
Event: 3685.996 Thread 0x000000005572f000 nmethod 18313 0x0000000003890f90 code [0x0000000003891180, 0x0000000003891a78]
Event: 3686.125 Thread 0x000000005572e000 18314       4       org.gradle.internal.logging.text.AbstractLineChoppingStyledTextOutput::doAppend (201 bytes)

GC Heap History (10 events):
Event: 3075.271 GC heap before
{Heap before GC invocations=37 (full 13):
 PSYoungGen      total 312320K, used 308224K [0x00000000eab00000, 0x00000000ff900000, 0x0000000100000000)
  eden space 308224K, 100% used [0x00000000eab00000,0x00000000fd800000,0x00000000fd800000)
  from space 4096K, 0% used [0x00000000fd800000,0x00000000fd800000,0x00000000fdc00000)
  to   space 16896K, 0% used [0x00000000fe880000,0x00000000fe880000,0x00000000ff900000)
 ParOldGen       total 143872K, used 32749K [0x00000000c0000000, 0x00000000c8c80000, 0x00000000eab00000)
  object space 143872K, 22% used [0x00000000c0000000,0x00000000c1ffb5e8,0x00000000c8c80000)
 Metaspace       used 67660K, capacity 72456K, committed 72488K, reserved 1112064K
  class space    used 8633K, capacity 9261K, committed 9264K, reserved 1048576K
Event: 3075.292 GC heap after
Heap after GC invocations=37 (full 13):
 PSYoungGen      total 313344K, used 16876K [0x00000000eab00000, 0x00000000ff900000, 0x0000000100000000)
  eden space 296448K, 0% used [0x00000000eab00000,0x00000000eab00000,0x00000000fcc80000)
  from space 16896K, 99% used [0x00000000fe880000,0x00000000ff8fb2c8,0x00000000ff900000)
  to   space 20992K, 0% used [0x00000000fd000000,0x00000000fd000000,0x00000000fe480000)
 ParOldGen       total 143872K, used 35612K [0x00000000c0000000, 0x00000000c8c80000, 0x00000000eab00000)
  object space 143872K, 24% used [0x00000000c0000000,0x00000000c22c7338,0x00000000c8c80000)
 Metaspace       used 67660K, capacity 72456K, committed 72488K, reserved 1112064K
  class space    used 8633K, capacity 9261K, committed 9264K, reserved 1048576K
}
Event: 3094.044 GC heap before
{Heap before GC invocations=38 (full 13):
 PSYoungGen      total 313344K, used 313324K [0x00000000eab00000, 0x00000000ff900000, 0x0000000100000000)
  eden space 296448K, 100% used [0x00000000eab00000,0x00000000fcc80000,0x00000000fcc80000)
  from space 16896K, 99% used [0x00000000fe880000,0x00000000ff8fb2c8,0x00000000ff900000)
  to   space 20992K, 0% used [0x00000000fd000000,0x00000000fd000000,0x00000000fe480000)
 ParOldGen       total 143872K, used 35612K [0x00000000c0000000, 0x00000000c8c80000, 0x00000000eab00000)
  object space 143872K, 24% used [0x00000000c0000000,0x00000000c22c7338,0x00000000c8c80000)
 Metaspace       used 69466K, capacity 74398K, committed 74536K, reserved 1114112K
  class space    used 8811K, capacity 9446K, committed 9520K, reserved 1048576K
Event: 3094.054 GC heap after
Heap after GC invocations=38 (full 13):
 PSYoungGen      total 297472K, used 12111K [0x00000000eab00000, 0x00000000feb80000, 0x0000000100000000)
  eden space 285184K, 0% used [0x00000000eab00000,0x00000000eab00000,0x00000000fc180000)
  from space 12288K, 98% used [0x00000000fd000000,0x00000000fdbd3e28,0x00000000fdc00000)
  to   space 15872K, 0% used [0x00000000fdc00000,0x00000000fdc00000,0x00000000feb80000)
 ParOldGen       total 143872K, used 35620K [0x00000000c0000000, 0x00000000c8c80000, 0x00000000eab00000)
  object space 143872K, 24% used [0x00000000c0000000,0x00000000c22c9338,0x00000000c8c80000)
 Metaspace       used 69466K, capacity 74398K, committed 74536K, reserved 1114112K
  class space    used 8811K, capacity 9446K, committed 9520K, reserved 1048576K
}
Event: 3094.660 GC heap before
{Heap before GC invocations=39 (full 13):
 PSYoungGen      total 297472K, used 170380K [0x00000000eab00000, 0x00000000feb80000, 0x0000000100000000)
  eden space 285184K, 55% used [0x00000000eab00000,0x00000000f458f250,0x00000000fc180000)
  from space 12288K, 98% used [0x00000000fd000000,0x00000000fdbd3e28,0x00000000fdc00000)
  to   space 15872K, 0% used [0x00000000fdc00000,0x00000000fdc00000,0x00000000feb80000)
 ParOldGen       total 143872K, used 35620K [0x00000000c0000000, 0x00000000c8c80000, 0x00000000eab00000)
  object space 143872K, 24% used [0x00000000c0000000,0x00000000c22c9338,0x00000000c8c80000)
 Metaspace       used 69481K, capacity 74398K, committed 74536K, reserved 1114112K
  class space    used 8811K, capacity 9446K, committed 9520K, reserved 1048576K
Event: 3094.666 GC heap after
Heap after GC invocations=39 (full 13):
 PSYoungGen      total 297984K, used 7777K [0x00000000eab00000, 0x00000000fe880000, 0x0000000100000000)
  eden space 285184K, 0% used [0x00000000eab00000,0x00000000eab00000,0x00000000fc180000)
  from space 12800K, 60% used [0x00000000fdc00000,0x00000000fe398680,0x00000000fe880000)
  to   space 19968K, 0% used [0x00000000fc180000,0x00000000fc180000,0x00000000fd500000)
 ParOldGen       total 143872K, used 35628K [0x00000000c0000000, 0x00000000c8c80000, 0x00000000eab00000)
  object space 143872K, 24% used [0x00000000c0000000,0x00000000c22cb338,0x00000000c8c80000)
 Metaspace       used 69481K, capacity 74398K, committed 74536K, reserved 1114112K
  class space    used 8811K, capacity 9446K, committed 9520K, reserved 1048576K
}
Event: 3094.666 GC heap before
{Heap before GC invocations=40 (full 14):
 PSYoungGen      total 297984K, used 7777K [0x00000000eab00000, 0x00000000fe880000, 0x0000000100000000)
  eden space 285184K, 0% used [0x00000000eab00000,0x00000000eab00000,0x00000000fc180000)
  from space 12800K, 60% used [0x00000000fdc00000,0x00000000fe398680,0x00000000fe880000)
  to   space 19968K, 0% used [0x00000000fc180000,0x00000000fc180000,0x00000000fd500000)
 ParOldGen       total 143872K, used 35628K [0x00000000c0000000, 0x00000000c8c80000, 0x00000000eab00000)
  object space 143872K, 24% used [0x00000000c0000000,0x00000000c22cb338,0x00000000c8c80000)
 Metaspace       used 69481K, capacity 74398K, committed 74536K, reserved 1114112K
  class space    used 8811K, capacity 9446K, committed 9520K, reserved 1048576K
Event: 3094.966 GC heap after
Heap after GC invocations=40 (full 14):
 PSYoungGen      total 297984K, used 0K [0x00000000eab00000, 0x00000000fe880000, 0x0000000100000000)
  eden space 285184K, 0% used [0x00000000eab00000,0x00000000eab00000,0x00000000fc180000)
  from space 12800K, 0% used [0x00000000fdc00000,0x00000000fdc00000,0x00000000fe880000)
  to   space 19968K, 0% used [0x00000000fc180000,0x00000000fc180000,0x00000000fd500000)
 ParOldGen       total 143872K, used 35341K [0x00000000c0000000, 0x00000000c8c80000, 0x00000000eab00000)
  object space 143872K, 24% used [0x00000000c0000000,0x00000000c22835f8,0x00000000c8c80000)
 Metaspace       used 69458K, capacity 74362K, committed 74536K, reserved 1114112K
  class space    used 8808K, capacity 9436K, committed 9520K, reserved 1048576K
}
Event: 3681.343 GC heap before
{Heap before GC invocations=41 (full 14):
 PSYoungGen      total 297984K, used 285171K [0x00000000eab00000, 0x00000000fe880000, 0x0000000100000000)
  eden space 285184K, 99% used [0x00000000eab00000,0x00000000fc17ce88,0x00000000fc180000)
  from space 12800K, 0% used [0x00000000fdc00000,0x00000000fdc00000,0x00000000fe880000)
  to   space 19968K, 0% used [0x00000000fc180000,0x00000000fc180000,0x00000000fd500000)
 ParOldGen       total 143872K, used 35341K [0x00000000c0000000, 0x00000000c8c80000, 0x00000000eab00000)
  object space 143872K, 24% used [0x00000000c0000000,0x00000000c22835f8,0x00000000c8c80000)
 Metaspace       used 69996K, capacity 74946K, committed 75048K, reserved 1114112K
  class space    used 8822K, capacity 9452K, committed 9520K, reserved 1048576K
Event: 3681.353 GC heap after
Heap after GC invocations=41 (full 14):
 PSYoungGen      total 284160K, used 9632K [0x00000000eab00000, 0x00000000fdd00000, 0x0000000100000000)
  eden space 274432K, 0% used [0x00000000eab00000,0x00000000eab00000,0x00000000fb700000)
  from space 9728K, 99% used [0x00000000fc180000,0x00000000fcae8020,0x00000000fcb00000)
  to   space 18432K, 0% used [0x00000000fcb00000,0x00000000fcb00000,0x00000000fdd00000)
 ParOldGen       total 143872K, used 35349K [0x00000000c0000000, 0x00000000c8c80000, 0x00000000eab00000)
  object space 143872K, 24% used [0x00000000c0000000,0x00000000c22855f8,0x00000000c8c80000)
 Metaspace       used 69996K, capacity 74946K, committed 75048K, reserved 1114112K
  class space    used 8822K, capacity 9452K, committed 9520K, reserved 1048576K
}

Deoptimization events (10 events):
Event: 3685.595 Thread 0x0000000059fe2800 Uncommon trap: reason=class_check action=maybe_recompile pc=0x00000000057d99d4 method=com.google.gson.stream.JsonWriter.beforeName()V @ 16
Event: 3685.596 Thread 0x0000000059fe2800 Uncommon trap: reason=class_check action=maybe_recompile pc=0x00000000057dc8bc method=com.google.gson.stream.JsonWriter.open(ILjava/lang/String;)Lcom/google/gson/stream/JsonWriter; @ 15
Event: 3685.596 Thread 0x0000000059fe2800 Uncommon trap: reason=unstable_if action=reinterpret pc=0x00000000057e2340 method=com.google.gson.stream.JsonWriter.close(IILjava/lang/String;)Lcom/google/gson/stream/JsonWriter; @ 9
Event: 3685.758 Thread 0x0000000059fdc800 Uncommon trap: reason=unstable_if action=reinterpret pc=0x0000000003b72964 method=java.io.ObjectOutputStream$BlockDataOutputStream.writeBytes(Ljava/lang/String;)V @ 22
Event: 3685.758 Thread 0x0000000059fdc800 Uncommon trap: reason=unstable_if action=reinterpret pc=0x0000000004150360 method=java.io.ObjectOutputStream$BlockDataOutputStream.writeBytes(Ljava/lang/String;)V @ 22
Event: 3685.758 Thread 0x0000000059fdc800 Uncommon trap: reason=unstable_if action=reinterpret pc=0x0000000003c9b66c method=java.io.ObjectOutputStream$BlockDataOutputStream.writeBytes(Ljava/lang/String;)V @ 22
Event: 3685.759 Thread 0x0000000059fdc800 Uncommon trap: reason=unstable_if action=reinterpret pc=0x00000000051a0e04 method=org.gradle.internal.remote.internal.inet.SocketConnection$SocketOutputStream.write([BII)V @ 64
Event: 3685.761 Thread 0x0000000059fdc800 Uncommon trap: reason=unstable_if action=reinterpret pc=0x00000000055640d4 method=org.gradle.execution.taskgraph.TaskInfo.isComplete()Z @ 17
Event: 3685.995 Thread 0x0000000059fdc800 Uncommon trap: reason=unstable_if action=reinterpret pc=0x0000000005cdced4 method=java.lang.String.split(Ljava/lang/String;I)[Ljava/lang/String; @ 32
Event: 3686.122 Thread 0x0000000059fdc800 Uncommon trap: reason=bimorphic action=maybe_recompile pc=0x0000000003ee1d4c method=org.gradle.internal.logging.text.AbstractStyledTextOutput.text(Ljava/lang/Object;)Lorg/gradle/internal/logging/text/StyledTextOutput; @ 11

Internal exceptions (10 events):
Event: 3668.859 Thread 0x0000000059fdc800 Exception <a 'sun/nio/fs/WindowsException'> (0x00000000f0990858) thrown at [C:\src\android\AOSP-openjdk\external\jetbrains\jdk\hotspot\src\share\vm\prims\jni.cpp, line 709]
Event: 3668.859 Thread 0x0000000059fdc800 Exception <a 'sun/nio/fs/WindowsException'> (0x00000000f09914d0) thrown at [C:\src\android\AOSP-openjdk\external\jetbrains\jdk\hotspot\src\share\vm\prims\jni.cpp, line 709]
Event: 3668.859 Thread 0x0000000059fdc800 Exception <a 'sun/nio/fs/WindowsException'> (0x00000000f0993240) thrown at [C:\src\android\AOSP-openjdk\external\jetbrains\jdk\hotspot\src\share\vm\prims\jni.cpp, line 709]
Event: 3668.859 Thread 0x0000000059fdc800 Exception <a 'sun/nio/fs/WindowsException'> (0x00000000f0993ef0) thrown at [C:\src\android\AOSP-openjdk\external\jetbrains\jdk\hotspot\src\share\vm\prims\jni.cpp, line 709]
Event: 3669.944 Thread 0x0000000059fdc800 Exception <a 'sun/nio/fs/WindowsException'> (0x00000000f23d3e48) thrown at [C:\src\android\AOSP-openjdk\external\jetbrains\jdk\hotspot\src\share\vm\prims\jni.cpp, line 709]
Event: 3669.948 Thread 0x0000000059fdc800 Implicit null exception at 0x0000000005716ecd to 0x0000000005717361
Event: 3680.914 Thread 0x0000000059fdc800 Implicit null exception at 0x00000000058860f0 to 0x000000000588ccad
Event: 3685.756 Thread 0x0000000059fdc800 Exception <a 'java/lang/NoSuchMethodError': <clinit>> (0x00000000fb147910) thrown at [C:\src\android\AOSP-openjdk\external\jetbrains\jdk\hotspot\src\share\vm\prims\jni.cpp, line 1591]
Event: 3685.758 Thread 0x0000000059fdc800 Exception <a 'java/lang/NoSuchMethodError': <clinit>> (0x00000000fb160510) thrown at [C:\src\android\AOSP-openjdk\external\jetbrains\jdk\hotspot\src\share\vm\prims\jni.cpp, line 1591]
Event: 3685.763 Thread 0x0000000059fdc800 Exception <a 'java/lang/NoSuchMethodError': <clinit>> (0x00000000fb2994f8) thrown at [C:\src\android\AOSP-openjdk\external\jetbrains\jdk\hotspot\src\share\vm\prims\jni.cpp, line 1591]

Events (10 events):
Event: 3686.121 loading class org/gradle/internal/logging/text/BufferingStyledTextOutput$ChangeStyleAction done
Event: 3686.122 Thread 0x0000000059fdc800 Uncommon trap: trap_request=0xffffffc6 fr.pc=0x0000000003ee1d4c
Event: 3686.122 Thread 0x0000000059fdc800 DEOPT PACKING pc=0x0000000003ee1d4c sp=0x000000005916d8c0
Event: 3686.122 Thread 0x0000000059fdc800 DEOPT UNPACKING pc=0x000000000292556a sp=0x000000005916d870 mode 2
Event: 3686.122 loading class org/gradle/internal/logging/text/LinePrefixingStyledTextOutput
Event: 3686.122 loading class org/gradle/internal/logging/text/LinePrefixingStyledTextOutput done
Event: 3686.123 Executing VM operation: Deoptimize
Event: 3686.125 Executing VM operation: Deoptimize done
Event: 3686.125 loading class org/gradle/BuildExceptionReporter$2
Event: 3686.125 loading class org/gradle/BuildExceptionReporter$2 done


Dynamic libraries:
0x000000013f190000 - 0x000000013f1c1000 	C:\Program Files\Android\Android Studio\jre\bin\java.exe
0x0000000077b30000 - 0x0000000077cda000 	C:\Windows\SYSTEM32\ntdll.dll
0x0000000077910000 - 0x0000000077a2f000 	C:\Windows\system32\kernel32.dll
0x000007fefd880000 - 0x000007fefd8ea000 	C:\Windows\system32\KERNELBASE.dll
0x0000000075560000 - 0x00000000755e9000 	C:\Windows\System32\SYSFER.DLL
0x000007fefec10000 - 0x000007fefeceb000 	C:\Windows\system32\ADVAPI32.dll
0x000007fefe9e0000 - 0x000007fefea7f000 	C:\Windows\system32\msvcrt.dll
0x000007fefeb20000 - 0x000007fefeb3f000 	C:\Windows\SYSTEM32\sechost.dll
0x000007fefdf00000 - 0x000007fefe02d000 	C:\Windows\system32\RPCRT4.dll
0x0000000077a30000 - 0x0000000077b2a000 	C:\Windows\system32\USER32.dll
0x000007fefeba0000 - 0x000007fefec07000 	C:\Windows\system32\GDI32.dll
0x000007fefe600000 - 0x000007fefe60e000 	C:\Windows\system32\LPK.dll
0x000007fefe610000 - 0x000007fefe6da000 	C:\Windows\system32\USP10.dll
0x000007fefbe50000 - 0x000007fefc044000 	C:\Windows\WinSxS\amd64_microsoft.windows.common-controls_6595b64144ccf1df_6.0.7601.18837_none_fa3b1e3d17594757\COMCTL32.dll
0x000007fefe030000 - 0x000007fefe0a1000 	C:\Windows\system32\SHLWAPI.dll
0x000007fefe9b0000 - 0x000007fefe9de000 	C:\Windows\system32\IMM32.DLL
0x000007fefecf0000 - 0x000007fefedf9000 	C:\Windows\system32\MSCTF.dll
0x000007fefd790000 - 0x000007fefd7c1000 	C:\Windows\system32\nvinitx.dll
0x000007fefd780000 - 0x000007fefd78c000 	C:\Windows\system32\VERSION.dll
0x0000000075320000 - 0x0000000075326000 	C:\Program Files\NVIDIA Corporation\CoProcManager\detoured.dll
0x000007fef9af0000 - 0x000007fef9b21000 	C:\Program Files\NVIDIA Corporation\CoProcManager\nvd3d9wrapx.dll
0x000007fefe6e0000 - 0x000007fefe8b7000 	C:\Windows\system32\SETUPAPI.dll
0x000007fefda90000 - 0x000007fefdac6000 	C:\Windows\system32\CFGMGR32.dll
0x000007fefe8c0000 - 0x000007fefe99a000 	C:\Windows\system32\OLEAUT32.dll
0x000007fefeea0000 - 0x000007feff0a3000 	C:\Windows\system32\ole32.dll
0x000007fefdbd0000 - 0x000007fefdbea000 	C:\Windows\system32\DEVOBJ.dll
0x000007fef9a80000 - 0x000007fef9aa2000 	C:\Program Files\NVIDIA Corporation\CoProcManager\nvdxgiwrapx.dll
0x0000000065360000 - 0x0000000065432000 	C:\Program Files\Android\Android Studio\jre\jre\bin\msvcr100.dll
0x0000000065640000 - 0x0000000065e74000 	C:\Program Files\Android\Android Studio\jre\jre\bin\server\jvm.dll
0x000007fefab00000 - 0x000007fefab09000 	C:\Windows\system32\WSOCK32.dll
0x000007fefe240000 - 0x000007fefe28d000 	C:\Windows\system32\WS2_32.dll
0x000007fefe9a0000 - 0x000007fefe9a8000 	C:\Windows\system32\NSI.dll
0x000007fefb400000 - 0x000007fefb43b000 	C:\Windows\system32\WINMM.dll
0x0000000077cf0000 - 0x0000000077cf7000 	C:\Windows\system32\PSAPI.DLL
0x000007feed6f0000 - 0x000007feed6ff000 	C:\Program Files\Android\Android Studio\jre\jre\bin\verify.dll
0x000007feebf90000 - 0x000007feebfb9000 	C:\Program Files\Android\Android Studio\jre\jre\bin\java.dll
0x000007feebfd0000 - 0x000007feebfe6000 	C:\Program Files\Android\Android Studio\jre\jre\bin\zip.dll
0x000007feff0b0000 - 0x000007feffe3a000 	C:\Windows\system32\SHELL32.dll
0x000007fefd860000 - 0x000007fefd86f000 	C:\Windows\system32\profapi.dll
0x000007feebef0000 - 0x000007feebf0a000 	C:\Program Files\Android\Android Studio\jre\jre\bin\net.dll
0x000007fefd090000 - 0x000007fefd0e5000 	C:\Windows\system32\mswsock.dll
0x000007fefd290000 - 0x000007fefd297000 	C:\Windows\System32\wship6.dll
0x000007feebed0000 - 0x000007feebee1000 	C:\Program Files\Android\Android Studio\jre\jre\bin\nio.dll
0x000007fefb720000 - 0x000007fefb732000 	C:\Users\Robotics\.gradle\native\19\windows-amd64\native-platform.dll
0x000007fefd130000 - 0x000007fefd148000 	C:\Windows\system32\CRYPTSP.dll
0x000007fefcd90000 - 0x000007fefcdd7000 	C:\Windows\system32\rsaenh.dll
0x000007fefda60000 - 0x000007fefda7e000 	C:\Windows\system32\USERENV.dll
0x000007fefd670000 - 0x000007fefd67f000 	C:\Windows\system32\CRYPTBASE.dll
0x000007fefaac0000 - 0x000007fefaae7000 	C:\Windows\system32\IPHLPAPI.DLL
0x000007fefaab0000 - 0x000007fefaabb000 	C:\Windows\system32\WINNSI.DLL
0x000007fef9ad0000 - 0x000007fef9ae8000 	C:\Windows\system32\dhcpcsvc.DLL
0x000007fef9ab0000 - 0x000007fef9ac1000 	C:\Windows\system32\dhcpcsvc6.DLL
0x000007feed700000 - 0x000007feed70d000 	C:\Program Files\Android\Android Studio\jre\jre\bin\management.dll
0x000007fefd610000 - 0x000007fefd667000 	C:\Windows\system32\apphelp.dll

VM Arguments:
jvm_args: -XX:MaxPermSize=256m -XX:+HeapDumpOnOutOfMemoryError -Xmx1024m -Dfile.encoding=windows-1252 -Duser.country=US -Duser.language=en -Duser.variant 
java_command: org.gradle.launcher.daemon.bootstrap.GradleDaemon 2.14.1
java_class_path (initial): C:\Program Files\Android\Android Studio\gradle\gradle-2.14.1\lib\gradle-launcher-2.14.1.jar
Launcher Type: SUN_STANDARD

Environment Variables:
JAVA_HOME=C:\Program Files\Java\jdk1.8.0_60\
PATH=C:\Program Files (x86)\Google\Chrome\Application;C:\ProgramData\Oracle\Java\javapath;C:\Program Files (x86)\Intel\iCLS Client\;C:\Program Files\Intel\iCLS Client\;C:\Windows\system32;C:\Windows;C:\Windows\System32\Wbem;C:\Windows\System32\WindowsPowerShell\v1.0\;C:\Program Files\Intel\Intel(R) Management Engine Components\DAL;C:\Program Files (x86)\Intel\Intel(R) Management Engine Components\DAL;C:\Program Files\Intel\Intel(R) Management Engine Components\IPT;C:\Program Files (x86)\Intel\Intel(R) Management Engine Components\IPT;;C:\Program Files (x86)\Common Files\Lenovo;C:\SWTOOLS\ReadyApps;C:\Program Files\Java\jdk1.8.0_60\bin\;C:\Program Files\Intel\WiFi\bin\;C:\Program Files\Common Files\Intel\WirelessCommon\;C:\Program Files\Intel\WiFi\bin\;C:\Program Files\Common Files\Intel\WirelessCommon\;C:\adb;C:\Program Files\Intel\WiFi\bin\;C:\Program Files\Common Files\Intel\WirelessCommon\
USERNAME=Robotics
OS=Windows_NT
PROCESSOR_IDENTIFIER=Intel64 Family 6 Model 60 Stepping 3, GenuineIntel



---------------  S Y S T E M  ---------------

OS: Windows 7 , 64 bit Build 7601 (6.1.7601.23572)

CPU:total 8 (4 cores per cpu, 2 threads per core) family 6 model 60 stepping 3, cmov, cx8, fxsr, mmx, sse, sse2, sse3, ssse3, sse4.1, sse4.2, popcnt, avx, avx2, aes, clmul, erms, lzcnt, ht, tsc, tscinvbit, bmi1, bmi2

Memory: 4k page, physical 8005120k(1086576k free), swap 8003260k(391404k free)

vm_info: OpenJDK 64-Bit Server VM (25.76-b03) for windows-amd64 JRE (1.8.0_76-release-b03), built on Jun 29 2016 19:09:20 by "ralucas" with MS VC++ 10.0 (VS2010)

time: Mon Jan 16 17:57:55 2017
elapsed time: 3686 seconds (0d 1h 1m 26s)

